<?xml version="1.0" encoding="UTF-8"?>
<testng-results ignored="0" total="1" passed="1" failed="0" skipped="0">
  <reporter-output>
  </reporter-output>
  <suite started-at="2023-09-10T13:31:01 BST" name="Command line suite" finished-at="2023-09-10T13:32:28 BST" duration-ms="87133">
    <groups>
    </groups>
    <test started-at="2023-09-10T13:31:01 BST" name="Command line test" finished-at="2023-09-10T13:32:28 BST" duration-ms="87133">
      <class name="test.RyanairTest">
        <test-method is-config="true" signature="setUp()[pri:0, instance:test.RyanairTest@3c7f66c4]" started-at="2023-09-10T13:31:01 BST" name="setUp" finished-at="2023-09-10T13:31:08 BST" duration-ms="6875" status="PASS">
          <reporter-output>
          </reporter-output>
        </test-method> <!-- setUp -->
        <test-method signature="testRyanairBookingFlow()[pri:1, instance:test.RyanairTest@3c7f66c4]" started-at="2023-09-10T13:31:08 BST" name="testRyanairBookingFlow" finished-at="2023-09-10T13:32:28 BST" duration-ms="79797" status="PASS">
          <reporter-output>
          </reporter-output>
        </test-method> <!-- testRyanairBookingFlow -->
        <test-method is-config="true" signature="tearDown()[pri:0, instance:test.RyanairTest@3c7f66c4]" started-at="2023-09-10T13:32:28 BST" name="tearDown" finished-at="2023-09-10T13:32:28 BST" duration-ms="388" status="PASS">
          <reporter-output>
          </reporter-output>
        </test-method> <!-- tearDown -->
      </class> <!-- test.RyanairTest -->
    </test> <!-- Command line test -->
  </suite> <!-- Command line suite -->
</testng-results>
